{"C:\\Users\\Richard Pineda\\Documents\\repo\\nodejs\\devops\\devops-pipeline\\products\\src\\app.js": {"path":"C:\\Users\\Richard Pineda\\Documents\\repo\\nodejs\\devops\\devops-pipeline\\products\\src\\app.js","statementMap":{"0":{"start":{"line":5,"column":12},"end":{"line":5,"column":21}},"1":{"start":{"line":6,"column":0},"end":{"line":6,"column":27}},"2":{"start":{"line":8,"column":17},"end":{"line":8,"column":19}},"3":{"start":{"line":10,"column":0},"end":{"line":12,"column":3}},"4":{"start":{"line":11,"column":1},"end":{"line":11,"column":20}},"5":{"start":{"line":14,"column":0},"end":{"line":24,"column":3}},"6":{"start":{"line":15,"column":12},"end":{"line":15,"column":42}},"7":{"start":{"line":17,"column":18},"end":{"line":17,"column":26}},"8":{"start":{"line":18,"column":1},"end":{"line":21,"column":3}},"9":{"start":{"line":23,"column":1},"end":{"line":23,"column":36}}},"fnMap":{"0":{"name":"(anonymous_0)","decl":{"start":{"line":10,"column":21},"end":{"line":10,"column":22}},"loc":{"start":{"line":10,"column":35},"end":{"line":12,"column":1}},"line":10},"1":{"name":"(anonymous_1)","decl":{"start":{"line":14,"column":22},"end":{"line":14,"column":23}},"loc":{"start":{"line":14,"column":36},"end":{"line":24,"column":1}},"line":14}},"branchMap":{},"s":{"0":2,"1":2,"2":2,"3":2,"4":1,"5":2,"6":1,"7":1,"8":1,"9":1},"f":{"0":1,"1":1},"b":{},"_coverageSchema":"1a1c01bbd47fc00a2c39e90264f33305004495a9","hash":"9e30c354e65c9627c12a0d4cac783fb9245d93a1"}
}
